<?xml version="1.0" encoding="UTF-8"?>
<!-- Generated by org.testng.reporters.JUnitReportReporter -->
<testsuite hostname="DESKTOP-R4Q93GI" failures="0" tests="1" name="loginTestCases.BothCorrect" time="28.954" errors="0" timestamp="2023-06-09T06:37:35 IST" skipped="0">
  <testcase classname="loginTestCases.BothCorrect" name="LoginWithBothCorrect" time="28.954"/>
  <system-out/>
</testsuite> <!-- loginTestCases.BothCorrect -->
