<?xml version="1.0" encoding="UTF-8"?>
<!-- Generated by org.testng.reporters.JUnitReportReporter -->
<testsuite hostname="DESKTOP-R4Q93GI" failures="0" tests="1" name="loginTestCases.CorrectPasswordTestCase" time="34.670" errors="0" timestamp="2023-06-09T06:37:34 IST" skipped="0">
  <testcase classname="loginTestCases.CorrectPasswordTestCase" name="LoginWithCorrectPassword" time="34.670"/>
  <system-out/>
</testsuite> <!-- loginTestCases.CorrectPasswordTestCase -->
